C:\Program Files (x86)\Microsoft Visual Studio\2019\Enterprise\MSBuild\Microsoft\VC\v160\Microsoft.CppBuild.targets(452,5): warning MSB8028: The intermediate directory (Debug\) contains files shared from another project (Project11.vcxproj, ProjectoAntonio.vcxproj).  This can lead to incorrect clean and rebuild behavior.
  Camera.cpp
  VillarrealSilvaJoseAntonio_PROYECTO_GPO4.cpp
  figuras.cpp
C:\Users\marve\Desktop\Proyecto Final CG\ProyectoFinal\ProyectoFinal\figuras.cpp(12,9): warning C4838: la conversión de 'double' en 'GLfloat' requiere una conversión de restricción
C:\Users\marve\Desktop\Proyecto Final CG\ProyectoFinal\ProyectoFinal\figuras.cpp(12,21): warning C4838: la conversión de 'double' en 'GLfloat' requiere una conversión de restricción
C:\Users\marve\Desktop\Proyecto Final CG\ProyectoFinal\ProyectoFinal\figuras.cpp(12,33): warning C4838: la conversión de 'double' en 'GLfloat' requiere una conversión de restricción
C:\Users\marve\Desktop\Proyecto Final CG\ProyectoFinal\ProyectoFinal\figuras.cpp(13,10): warning C4838: la conversión de 'double' en 'GLfloat' requiere una conversión de restricción
C:\Users\marve\Desktop\Proyecto Final CG\ProyectoFinal\ProyectoFinal\figuras.cpp(13,22): warning C4838: la conversión de 'double' en 'GLfloat' requiere una conversión de restricción
C:\Users\marve\Desktop\Proyecto Final CG\ProyectoFinal\ProyectoFinal\figuras.cpp(13,35): warning C4838: la conversión de 'double' en 'GLfloat' requiere una conversión de restricción
C:\Users\marve\Desktop\Proyecto Final CG\ProyectoFinal\ProyectoFinal\figuras.cpp(14,10): warning C4838: la conversión de 'double' en 'GLfloat' requiere una conversión de restricción
C:\Users\marve\Desktop\Proyecto Final CG\ProyectoFinal\ProyectoFinal\figuras.cpp(14,22): warning C4838: la conversión de 'double' en 'GLfloat' requiere una conversión de restricción
C:\Users\marve\Desktop\Proyecto Final CG\ProyectoFinal\ProyectoFinal\figuras.cpp(14,36): warning C4838: la conversión de 'double' en 'GLfloat' requiere una conversión de restricción
C:\Users\marve\Desktop\Proyecto Final CG\ProyectoFinal\ProyectoFinal\figuras.cpp(15,9): warning C4838: la conversión de 'double' en 'GLfloat' requiere una conversión de restricción
C:\Users\marve\Desktop\Proyecto Final CG\ProyectoFinal\ProyectoFinal\figuras.cpp(15,21): warning C4838: la conversión de 'double' en 'GLfloat' requiere una conversión de restricción
C:\Users\marve\Desktop\Proyecto Final CG\ProyectoFinal\ProyectoFinal\figuras.cpp(15,35): warning C4838: la conversión de 'double' en 'GLfloat' requiere una conversión de restricción
C:\Users\marve\Desktop\Proyecto Final CG\ProyectoFinal\ProyectoFinal\figuras.cpp(16,9): warning C4838: la conversión de 'double' en 'GLfloat' requiere una conversión de restricción
C:\Users\marve\Desktop\Proyecto Final CG\ProyectoFinal\ProyectoFinal\figuras.cpp(16,20): warning C4838: la conversión de 'double' en 'GLfloat' requiere una conversión de restricción
C:\Users\marve\Desktop\Proyecto Final CG\ProyectoFinal\ProyectoFinal\figuras.cpp(16,33): warning C4838: la conversión de 'double' en 'GLfloat' requiere una conversión de restricción
C:\Users\marve\Desktop\Proyecto Final CG\ProyectoFinal\ProyectoFinal\figuras.cpp(17,9): warning C4838: la conversión de 'double' en 'GLfloat' requiere una conversión de restricción
C:\Users\marve\Desktop\Proyecto Final CG\ProyectoFinal\ProyectoFinal\figuras.cpp(17,20): warning C4838: la conversión de 'double' en 'GLfloat' requiere una conversión de restricción
C:\Users\marve\Desktop\Proyecto Final CG\ProyectoFinal\ProyectoFinal\figuras.cpp(17,34): warning C4838: la conversión de 'double' en 'GLfloat' requiere una conversión de restricción
C:\Users\marve\Desktop\Proyecto Final CG\ProyectoFinal\ProyectoFinal\figuras.cpp(18,10): warning C4838: la conversión de 'double' en 'GLfloat' requiere una conversión de restricción
C:\Users\marve\Desktop\Proyecto Final CG\ProyectoFinal\ProyectoFinal\figuras.cpp(18,21): warning C4838: la conversión de 'double' en 'GLfloat' requiere una conversión de restricción
C:\Users\marve\Desktop\Proyecto Final CG\ProyectoFinal\ProyectoFinal\figuras.cpp(18,35): warning C4838: la conversión de 'double' en 'GLfloat' requiere una conversión de restricción
C:\Users\marve\Desktop\Proyecto Final CG\ProyectoFinal\ProyectoFinal\figuras.cpp(19,10): warning C4838: la conversión de 'double' en 'GLfloat' requiere una conversión de restricción
C:\Users\marve\Desktop\Proyecto Final CG\ProyectoFinal\ProyectoFinal\figuras.cpp(19,21): warning C4838: la conversión de 'double' en 'GLfloat' requiere una conversión de restricción
C:\Users\marve\Desktop\Proyecto Final CG\ProyectoFinal\ProyectoFinal\figuras.cpp(19,34): warning C4838: la conversión de 'double' en 'GLfloat' requiere una conversión de restricción
C:\Users\marve\Desktop\Proyecto Final CG\ProyectoFinal\ProyectoFinal\figuras.cpp(91,9): warning C4838: la conversión de 'double' en 'GLfloat' requiere una conversión de restricción
C:\Users\marve\Desktop\Proyecto Final CG\ProyectoFinal\ProyectoFinal\figuras.cpp(91,21): warning C4838: la conversión de 'double' en 'GLfloat' requiere una conversión de restricción
C:\Users\marve\Desktop\Proyecto Final CG\ProyectoFinal\ProyectoFinal\figuras.cpp(91,33): warning C4838: la conversión de 'double' en 'GLfloat' requiere una conversión de restricción
C:\Users\marve\Desktop\Proyecto Final CG\ProyectoFinal\ProyectoFinal\figuras.cpp(92,10): warning C4838: la conversión de 'double' en 'GLfloat' requiere una conversión de restricción
C:\Users\marve\Desktop\Proyecto Final CG\ProyectoFinal\ProyectoFinal\figuras.cpp(92,22): warning C4838: la conversión de 'double' en 'GLfloat' requiere una conversión de restricción
C:\Users\marve\Desktop\Proyecto Final CG\ProyectoFinal\ProyectoFinal\figuras.cpp(92,35): warning C4838: la conversión de 'double' en 'GLfloat' requiere una conversión de restricción
C:\Users\marve\Desktop\Proyecto Final CG\ProyectoFinal\ProyectoFinal\figuras.cpp(93,10): warning C4838: la conversión de 'double' en 'GLfloat' requiere una conversión de restricción
C:\Users\marve\Desktop\Proyecto Final CG\ProyectoFinal\ProyectoFinal\figuras.cpp(93,22): warning C4838: la conversión de 'double' en 'GLfloat' requiere una conversión de restricción
C:\Users\marve\Desktop\Proyecto Final CG\ProyectoFinal\ProyectoFinal\figuras.cpp(93,36): warning C4838: la conversión de 'double' en 'GLfloat' requiere una conversión de restricción
C:\Users\marve\Desktop\Proyecto Final CG\ProyectoFinal\ProyectoFinal\figuras.cpp(94,9): warning C4838: la conversión de 'double' en 'GLfloat' requiere una conversión de restricción
C:\Users\marve\Desktop\Proyecto Final CG\ProyectoFinal\ProyectoFinal\figuras.cpp(94,21): warning C4838: la conversión de 'double' en 'GLfloat' requiere una conversión de restricción
C:\Users\marve\Desktop\Proyecto Final CG\ProyectoFinal\ProyectoFinal\figuras.cpp(94,35): warning C4838: la conversión de 'double' en 'GLfloat' requiere una conversión de restricción
C:\Users\marve\Desktop\Proyecto Final CG\ProyectoFinal\ProyectoFinal\figuras.cpp(95,9): warning C4838: la conversión de 'double' en 'GLfloat' requiere una conversión de restricción
C:\Users\marve\Desktop\Proyecto Final CG\ProyectoFinal\ProyectoFinal\figuras.cpp(95,20): warning C4838: la conversión de 'double' en 'GLfloat' requiere una conversión de restricción
C:\Users\marve\Desktop\Proyecto Final CG\ProyectoFinal\ProyectoFinal\figuras.cpp(95,33): warning C4838: la conversión de 'double' en 'GLfloat' requiere una conversión de restricción
C:\Users\marve\Desktop\Proyecto Final CG\ProyectoFinal\ProyectoFinal\figuras.cpp(96,9): warning C4838: la conversión de 'double' en 'GLfloat' requiere una conversión de restricción
C:\Users\marve\Desktop\Proyecto Final CG\ProyectoFinal\ProyectoFinal\figuras.cpp(96,20): warning C4838: la conversión de 'double' en 'GLfloat' requiere una conversión de restricción
C:\Users\marve\Desktop\Proyecto Final CG\ProyectoFinal\ProyectoFinal\figuras.cpp(96,34): warning C4838: la conversión de 'double' en 'GLfloat' requiere una conversión de restricción
C:\Users\marve\Desktop\Proyecto Final CG\ProyectoFinal\ProyectoFinal\figuras.cpp(97,10): warning C4838: la conversión de 'double' en 'GLfloat' requiere una conversión de restricción
C:\Users\marve\Desktop\Proyecto Final CG\ProyectoFinal\ProyectoFinal\figuras.cpp(97,21): warning C4838: la conversión de 'double' en 'GLfloat' requiere una conversión de restricción
C:\Users\marve\Desktop\Proyecto Final CG\ProyectoFinal\ProyectoFinal\figuras.cpp(97,35): warning C4838: la conversión de 'double' en 'GLfloat' requiere una conversión de restricción
C:\Users\marve\Desktop\Proyecto Final CG\ProyectoFinal\ProyectoFinal\figuras.cpp(98,10): warning C4838: la conversión de 'double' en 'GLfloat' requiere una conversión de restricción
C:\Users\marve\Desktop\Proyecto Final CG\ProyectoFinal\ProyectoFinal\figuras.cpp(98,21): warning C4838: la conversión de 'double' en 'GLfloat' requiere una conversión de restricción
C:\Users\marve\Desktop\Proyecto Final CG\ProyectoFinal\ProyectoFinal\figuras.cpp(98,34): warning C4838: la conversión de 'double' en 'GLfloat' requiere una conversión de restricción
C:\Users\marve\Desktop\Proyecto Final CG\ProyectoFinal\ProyectoFinal\figuras.cpp(144,9): warning C4838: la conversión de 'double' en 'GLfloat' requiere una conversión de restricción
C:\Users\marve\Desktop\Proyecto Final CG\ProyectoFinal\ProyectoFinal\figuras.cpp(144,21): warning C4838: la conversión de 'double' en 'GLfloat' requiere una conversión de restricción
C:\Users\marve\Desktop\Proyecto Final CG\ProyectoFinal\ProyectoFinal\figuras.cpp(144,33): warning C4838: la conversión de 'double' en 'GLfloat' requiere una conversión de restricción
C:\Users\marve\Desktop\Proyecto Final CG\ProyectoFinal\ProyectoFinal\figuras.cpp(145,10): warning C4838: la conversión de 'double' en 'GLfloat' requiere una conversión de restricción
C:\Users\marve\Desktop\Proyecto Final CG\ProyectoFinal\ProyectoFinal\figuras.cpp(145,22): warning C4838: la conversión de 'double' en 'GLfloat' requiere una conversión de restricción
C:\Users\marve\Desktop\Proyecto Final CG\ProyectoFinal\ProyectoFinal\figuras.cpp(145,35): warning C4838: la conversión de 'double' en 'GLfloat' requiere una conversión de restricción
C:\Users\marve\Desktop\Proyecto Final CG\ProyectoFinal\ProyectoFinal\figuras.cpp(146,10): warning C4838: la conversión de 'double' en 'GLfloat' requiere una conversión de restricción
C:\Users\marve\Desktop\Proyecto Final CG\ProyectoFinal\ProyectoFinal\figuras.cpp(146,22): warning C4838: la conversión de 'double' en 'GLfloat' requiere una conversión de restricción
C:\Users\marve\Desktop\Proyecto Final CG\ProyectoFinal\ProyectoFinal\figuras.cpp(146,36): warning C4838: la conversión de 'double' en 'GLfloat' requiere una conversión de restricción
C:\Users\marve\Desktop\Proyecto Final CG\ProyectoFinal\ProyectoFinal\figuras.cpp(147,9): warning C4838: la conversión de 'double' en 'GLfloat' requiere una conversión de restricción
C:\Users\marve\Desktop\Proyecto Final CG\ProyectoFinal\ProyectoFinal\figuras.cpp(147,21): warning C4838: la conversión de 'double' en 'GLfloat' requiere una conversión de restricción
C:\Users\marve\Desktop\Proyecto Final CG\ProyectoFinal\ProyectoFinal\figuras.cpp(147,35): warning C4838: la conversión de 'double' en 'GLfloat' requiere una conversión de restricción
C:\Users\marve\Desktop\Proyecto Final CG\ProyectoFinal\ProyectoFinal\figuras.cpp(148,9): warning C4838: la conversión de 'double' en 'GLfloat' requiere una conversión de restricción
C:\Users\marve\Desktop\Proyecto Final CG\ProyectoFinal\ProyectoFinal\figuras.cpp(148,20): warning C4838: la conversión de 'double' en 'GLfloat' requiere una conversión de restricción
C:\Users\marve\Desktop\Proyecto Final CG\ProyectoFinal\ProyectoFinal\figuras.cpp(148,33): warning C4838: la conversión de 'double' en 'GLfloat' requiere una conversión de restricción
C:\Users\marve\Desktop\Proyecto Final CG\ProyectoFinal\ProyectoFinal\figuras.cpp(149,9): warning C4838: la conversión de 'double' en 'GLfloat' requiere una conversión de restricción
C:\Users\marve\Desktop\Proyecto Final CG\ProyectoFinal\ProyectoFinal\figuras.cpp(149,20): warning C4838: la conversión de 'double' en 'GLfloat' requiere una conversión de restricción
C:\Users\marve\Desktop\Proyecto Final CG\ProyectoFinal\ProyectoFinal\figuras.cpp(149,34): warning C4838: la conversión de 'double' en 'GLfloat' requiere una conversión de restricción
C:\Users\marve\Desktop\Proyecto Final CG\ProyectoFinal\ProyectoFinal\figuras.cpp(150,10): warning C4838: la conversión de 'double' en 'GLfloat' requiere una conversión de restricción
C:\Users\marve\Desktop\Proyecto Final CG\ProyectoFinal\ProyectoFinal\figuras.cpp(150,21): warning C4838: la conversión de 'double' en 'GLfloat' requiere una conversión de restricción
C:\Users\marve\Desktop\Proyecto Final CG\ProyectoFinal\ProyectoFinal\figuras.cpp(150,35): warning C4838: la conversión de 'double' en 'GLfloat' requiere una conversión de restricción
C:\Users\marve\Desktop\Proyecto Final CG\ProyectoFinal\ProyectoFinal\figuras.cpp(151,10): warning C4838: la conversión de 'double' en 'GLfloat' requiere una conversión de restricción
C:\Users\marve\Desktop\Proyecto Final CG\ProyectoFinal\ProyectoFinal\figuras.cpp(151,21): warning C4838: la conversión de 'double' en 'GLfloat' requiere una conversión de restricción
C:\Users\marve\Desktop\Proyecto Final CG\ProyectoFinal\ProyectoFinal\figuras.cpp(151,34): warning C4838: la conversión de 'double' en 'GLfloat' requiere una conversión de restricción
C:\Users\marve\Desktop\Proyecto Final CG\ProyectoFinal\ProyectoFinal\figuras.cpp(361,11): warning C4101: 'theta': variable local sin referencia
C:\Users\marve\Desktop\Proyecto Final CG\ProyectoFinal\ProyectoFinal\figuras.cpp(361,18): warning C4101: 'phi': variable local sin referencia
C:\Users\marve\Desktop\Proyecto Final CG\ProyectoFinal\ProyectoFinal\figuras.cpp(580,9): warning C4838: la conversión de 'double' en 'GLfloat' requiere una conversión de restricción
C:\Users\marve\Desktop\Proyecto Final CG\ProyectoFinal\ProyectoFinal\figuras.cpp(580,21): warning C4838: la conversión de 'double' en 'GLfloat' requiere una conversión de restricción
C:\Users\marve\Desktop\Proyecto Final CG\ProyectoFinal\ProyectoFinal\figuras.cpp(580,33): warning C4838: la conversión de 'double' en 'GLfloat' requiere una conversión de restricción
C:\Users\marve\Desktop\Proyecto Final CG\ProyectoFinal\ProyectoFinal\figuras.cpp(581,10): warning C4838: la conversión de 'double' en 'GLfloat' requiere una conversión de restricción
C:\Users\marve\Desktop\Proyecto Final CG\ProyectoFinal\ProyectoFinal\figuras.cpp(581,22): warning C4838: la conversión de 'double' en 'GLfloat' requiere una conversión de restricción
C:\Users\marve\Desktop\Proyecto Final CG\ProyectoFinal\ProyectoFinal\figuras.cpp(581,35): warning C4838: la conversión de 'double' en 'GLfloat' requiere una conversión de restricción
C:\Users\marve\Desktop\Proyecto Final CG\ProyectoFinal\ProyectoFinal\figuras.cpp(582,10): warning C4838: la conversión de 'double' en 'GLfloat' requiere una conversión de restricción
C:\Users\marve\Desktop\Proyecto Final CG\ProyectoFinal\ProyectoFinal\figuras.cpp(582,22): warning C4838: la conversión de 'double' en 'GLfloat' requiere una conversión de restricción
C:\Users\marve\Desktop\Proyecto Final CG\ProyectoFinal\ProyectoFinal\figuras.cpp(582,36): warning C4838: la conversión de 'double' en 'GLfloat' requiere una conversión de restricción
C:\Users\marve\Desktop\Proyecto Final CG\ProyectoFinal\ProyectoFinal\figuras.cpp(583,9): warning C4838: la conversión de 'double' en 'GLfloat' requiere una conversión de restricción
C:\Users\marve\Desktop\Proyecto Final CG\ProyectoFinal\ProyectoFinal\figuras.cpp(583,21): warning C4838: la conversión de 'double' en 'GLfloat' requiere una conversión de restricción
C:\Users\marve\Desktop\Proyecto Final CG\ProyectoFinal\ProyectoFinal\figuras.cpp(583,35): warning C4838: la conversión de 'double' en 'GLfloat' requiere una conversión de restricción
C:\Users\marve\Desktop\Proyecto Final CG\ProyectoFinal\ProyectoFinal\figuras.cpp(584,9): warning C4838: la conversión de 'double' en 'GLfloat' requiere una conversión de restricción
C:\Users\marve\Desktop\Proyecto Final CG\ProyectoFinal\ProyectoFinal\figuras.cpp(584,20): warning C4838: la conversión de 'double' en 'GLfloat' requiere una conversión de restricción
C:\Users\marve\Desktop\Proyecto Final CG\ProyectoFinal\ProyectoFinal\figuras.cpp(584,33): warning C4838: la conversión de 'double' en 'GLfloat' requiere una conversión de restricción
C:\Users\marve\Desktop\Proyecto Final CG\ProyectoFinal\ProyectoFinal\figuras.cpp(585,9): warning C4838: la conversión de 'double' en 'GLfloat' requiere una conversión de restricción
C:\Users\marve\Desktop\Proyecto Final CG\ProyectoFinal\ProyectoFinal\figuras.cpp(585,20): warning C4838: la conversión de 'double' en 'GLfloat' requiere una conversión de restricción
C:\Users\marve\Desktop\Proyecto Final CG\ProyectoFinal\ProyectoFinal\figuras.cpp(585,34): warning C4838: la conversión de 'double' en 'GLfloat' requiere una conversión de restricción
C:\Users\marve\Desktop\Proyecto Final CG\ProyectoFinal\ProyectoFinal\figuras.cpp(586,10): warning C4838: la conversión de 'double' en 'GLfloat' requiere una conversión de restricción
C:\Users\marve\Desktop\Proyecto Final CG\ProyectoFinal\ProyectoFinal\figuras.cpp(586,21): warning C4838: la conversión de 'double' en 'GLfloat' requiere una conversión de restricción
C:\Users\marve\Desktop\Proyecto Final CG\ProyectoFinal\ProyectoFinal\figuras.cpp(586,35): warning C4838: la conversión de 'double' en 'GLfloat' requiere una conversión de restricción
C:\Users\marve\Desktop\Proyecto Final CG\ProyectoFinal\ProyectoFinal\figuras.cpp(587,10): warning C4838: la conversión de 'double' en 'GLfloat' requiere una conversión de restricción
C:\Users\marve\Desktop\Proyecto Final CG\ProyectoFinal\ProyectoFinal\figuras.cpp(587,21): warning C4838: la conversión de 'double' en 'GLfloat' requiere una conversión de restricción
C:\Users\marve\Desktop\Proyecto Final CG\ProyectoFinal\ProyectoFinal\figuras.cpp(587,34): warning C4838: la conversión de 'double' en 'GLfloat' requiere una conversión de restricción
C:\Users\marve\Desktop\Proyecto Final CG\ProyectoFinal\ProyectoFinal\figuras.cpp(651,10): warning C4838: la conversión de 'double' en 'GLfloat' requiere una conversión de restricción
C:\Users\marve\Desktop\Proyecto Final CG\ProyectoFinal\ProyectoFinal\figuras.cpp(651,24): warning C4838: la conversión de 'double' en 'GLfloat' requiere una conversión de restricción
C:\Users\marve\Desktop\Proyecto Final CG\ProyectoFinal\ProyectoFinal\figuras.cpp(651,38): warning C4838: la conversión de 'double' en 'GLfloat' requiere una conversión de restricción
C:\Users\marve\Desktop\Proyecto Final CG\ProyectoFinal\ProyectoFinal\figuras.cpp(652,11): warning C4838: la conversión de 'double' en 'GLfloat' requiere una conversión de restricción
C:\Users\marve\Desktop\Proyecto Final CG\ProyectoFinal\ProyectoFinal\figuras.cpp(652,25): warning C4838: la conversión de 'double' en 'GLfloat' requiere una conversión de restricción
C:\Users\marve\Desktop\Proyecto Final CG\ProyectoFinal\ProyectoFinal\figuras.cpp(652,40): warning C4838: la conversión de 'double' en 'GLfloat' requiere una conversión de restricción
C:\Users\marve\Desktop\Proyecto Final CG\ProyectoFinal\ProyectoFinal\figuras.cpp(653,11): warning C4838: la conversión de 'double' en 'GLfloat' requiere una conversión de restricción
C:\Users\marve\Desktop\Proyecto Final CG\ProyectoFinal\ProyectoFinal\figuras.cpp(653,25): warning C4838: la conversión de 'double' en 'GLfloat' requiere una conversión de restricción
C:\Users\marve\Desktop\Proyecto Final CG\ProyectoFinal\ProyectoFinal\figuras.cpp(653,41): warning C4838: la conversión de 'double' en 'GLfloat' requiere una conversión de restricción
C:\Users\marve\Desktop\Proyecto Final CG\ProyectoFinal\ProyectoFinal\figuras.cpp(654,10): warning C4838: la conversión de 'double' en 'GLfloat' requiere una conversión de restricción
C:\Users\marve\Desktop\Proyecto Final CG\ProyectoFinal\ProyectoFinal\figuras.cpp(654,24): warning C4838: la conversión de 'double' en 'GLfloat' requiere una conversión de restricción
C:\Users\marve\Desktop\Proyecto Final CG\ProyectoFinal\ProyectoFinal\figuras.cpp(654,40): warning C4838: la conversión de 'double' en 'GLfloat' requiere una conversión de restricción
C:\Users\marve\Desktop\Proyecto Final CG\ProyectoFinal\ProyectoFinal\figuras.cpp(655,10): warning C4838: la conversión de 'double' en 'GLfloat' requiere una conversión de restricción
C:\Users\marve\Desktop\Proyecto Final CG\ProyectoFinal\ProyectoFinal\figuras.cpp(655,23): warning C4838: la conversión de 'double' en 'GLfloat' requiere una conversión de restricción
C:\Users\marve\Desktop\Proyecto Final CG\ProyectoFinal\ProyectoFinal\figuras.cpp(655,38): warning C4838: la conversión de 'double' en 'GLfloat' requiere una conversión de restricción
C:\Users\marve\Desktop\Proyecto Final CG\ProyectoFinal\ProyectoFinal\figuras.cpp(656,10): warning C4838: la conversión de 'double' en 'GLfloat' requiere una conversión de restricción
C:\Users\marve\Desktop\Proyecto Final CG\ProyectoFinal\ProyectoFinal\figuras.cpp(656,23): warning C4838: la conversión de 'double' en 'GLfloat' requiere una conversión de restricción
C:\Users\marve\Desktop\Proyecto Final CG\ProyectoFinal\ProyectoFinal\figuras.cpp(656,39): warning C4838: la conversión de 'double' en 'GLfloat' requiere una conversión de restricción
C:\Users\marve\Desktop\Proyecto Final CG\ProyectoFinal\ProyectoFinal\figuras.cpp(657,11): warning C4838: la conversión de 'double' en 'GLfloat' requiere una conversión de restricción
C:\Users\marve\Desktop\Proyecto Final CG\ProyectoFinal\ProyectoFinal\figuras.cpp(657,24): warning C4838: la conversión de 'double' en 'GLfloat' requiere una conversión de restricción
C:\Users\marve\Desktop\Proyecto Final CG\ProyectoFinal\ProyectoFinal\figuras.cpp(657,40): warning C4838: la conversión de 'double' en 'GLfloat' requiere una conversión de restricción
C:\Users\marve\Desktop\Proyecto Final CG\ProyectoFinal\ProyectoFinal\figuras.cpp(658,11): warning C4838: la conversión de 'double' en 'GLfloat' requiere una conversión de restricción
C:\Users\marve\Desktop\Proyecto Final CG\ProyectoFinal\ProyectoFinal\figuras.cpp(658,24): warning C4838: la conversión de 'double' en 'GLfloat' requiere una conversión de restricción
C:\Users\marve\Desktop\Proyecto Final CG\ProyectoFinal\ProyectoFinal\figuras.cpp(658,39): warning C4838: la conversión de 'double' en 'GLfloat' requiere una conversión de restricción
C:\Users\marve\Desktop\Proyecto Final CG\ProyectoFinal\ProyectoFinal\figuras.cpp(715,10): warning C4838: la conversión de 'double' en 'GLfloat' requiere una conversión de restricción
C:\Users\marve\Desktop\Proyecto Final CG\ProyectoFinal\ProyectoFinal\figuras.cpp(715,24): warning C4838: la conversión de 'double' en 'GLfloat' requiere una conversión de restricción
C:\Users\marve\Desktop\Proyecto Final CG\ProyectoFinal\ProyectoFinal\figuras.cpp(715,38): warning C4838: la conversión de 'double' en 'GLfloat' requiere una conversión de restricción
C:\Users\marve\Desktop\Proyecto Final CG\ProyectoFinal\ProyectoFinal\figuras.cpp(716,11): warning C4838: la conversión de 'double' en 'GLfloat' requiere una conversión de restricción
C:\Users\marve\Desktop\Proyecto Final CG\ProyectoFinal\ProyectoFinal\figuras.cpp(716,25): warning C4838: la conversión de 'double' en 'GLfloat' requiere una conversión de restricción
C:\Users\marve\Desktop\Proyecto Final CG\ProyectoFinal\ProyectoFinal\figuras.cpp(716,40): warning C4838: la conversión de 'double' en 'GLfloat' requiere una conversión de restricción
C:\Users\marve\Desktop\Proyecto Final CG\ProyectoFinal\ProyectoFinal\figuras.cpp(717,11): warning C4838: la conversión de 'double' en 'GLfloat' requiere una conversión de restricción
C:\Users\marve\Desktop\Proyecto Final CG\ProyectoFinal\ProyectoFinal\figuras.cpp(717,25): warning C4838: la conversión de 'double' en 'GLfloat' requiere una conversión de restricción
C:\Users\marve\Desktop\Proyecto Final CG\ProyectoFinal\ProyectoFinal\figuras.cpp(717,41): warning C4838: la conversión de 'double' en 'GLfloat' requiere una conversión de restricción
C:\Users\marve\Desktop\Proyecto Final CG\ProyectoFinal\ProyectoFinal\figuras.cpp(718,10): warning C4838: la conversión de 'double' en 'GLfloat' requiere una conversión de restricción
C:\Users\marve\Desktop\Proyecto Final CG\ProyectoFinal\ProyectoFinal\figuras.cpp(718,24): warning C4838: la conversión de 'double' en 'GLfloat' requiere una conversión de restricción
C:\Users\marve\Desktop\Proyecto Final CG\ProyectoFinal\ProyectoFinal\figuras.cpp(718,40): warning C4838: la conversión de 'double' en 'GLfloat' requiere una conversión de restricción
C:\Users\marve\Desktop\Proyecto Final CG\ProyectoFinal\ProyectoFinal\figuras.cpp(719,10): warning C4838: la conversión de 'double' en 'GLfloat' requiere una conversión de restricción
C:\Users\marve\Desktop\Proyecto Final CG\ProyectoFinal\ProyectoFinal\figuras.cpp(719,23): warning C4838: la conversión de 'double' en 'GLfloat' requiere una conversión de restricción
C:\Users\marve\Desktop\Proyecto Final CG\ProyectoFinal\ProyectoFinal\figuras.cpp(719,38): warning C4838: la conversión de 'double' en 'GLfloat' requiere una conversión de restricción
C:\Users\marve\Desktop\Proyecto Final CG\ProyectoFinal\ProyectoFinal\figuras.cpp(720,10): warning C4838: la conversión de 'double' en 'GLfloat' requiere una conversión de restricción
C:\Users\marve\Desktop\Proyecto Final CG\ProyectoFinal\ProyectoFinal\figuras.cpp(720,23): warning C4838: la conversión de 'double' en 'GLfloat' requiere una conversión de restricción
C:\Users\marve\Desktop\Proyecto Final CG\ProyectoFinal\ProyectoFinal\figuras.cpp(720,39): warning C4838: la conversión de 'double' en 'GLfloat' requiere una conversión de restricción
C:\Users\marve\Desktop\Proyecto Final CG\ProyectoFinal\ProyectoFinal\figuras.cpp(721,11): warning C4838: la conversión de 'double' en 'GLfloat' requiere una conversión de restricción
C:\Users\marve\Desktop\Proyecto Final CG\ProyectoFinal\ProyectoFinal\figuras.cpp(721,24): warning C4838: la conversión de 'double' en 'GLfloat' requiere una conversión de restricción
C:\Users\marve\Desktop\Proyecto Final CG\ProyectoFinal\ProyectoFinal\figuras.cpp(721,40): warning C4838: la conversión de 'double' en 'GLfloat' requiere una conversión de restricción
C:\Users\marve\Desktop\Proyecto Final CG\ProyectoFinal\ProyectoFinal\figuras.cpp(722,11): warning C4838: la conversión de 'double' en 'GLfloat' requiere una conversión de restricción
C:\Users\marve\Desktop\Proyecto Final CG\ProyectoFinal\ProyectoFinal\figuras.cpp(722,24): warning C4838: la conversión de 'double' en 'GLfloat' requiere una conversión de restricción
C:\Users\marve\Desktop\Proyecto Final CG\ProyectoFinal\ProyectoFinal\figuras.cpp(722,39): warning C4838: la conversión de 'double' en 'GLfloat' requiere una conversión de restricción
C:\Users\marve\Desktop\Proyecto Final CG\ProyectoFinal\ProyectoFinal\figuras.cpp(782,10): warning C4838: la conversión de 'double' en 'GLfloat' requiere una conversión de restricción
C:\Users\marve\Desktop\Proyecto Final CG\ProyectoFinal\ProyectoFinal\figuras.cpp(782,24): warning C4838: la conversión de 'double' en 'GLfloat' requiere una conversión de restricción
C:\Users\marve\Desktop\Proyecto Final CG\ProyectoFinal\ProyectoFinal\figuras.cpp(782,38): warning C4838: la conversión de 'double' en 'GLfloat' requiere una conversión de restricción
C:\Users\marve\Desktop\Proyecto Final CG\ProyectoFinal\ProyectoFinal\figuras.cpp(783,11): warning C4838: la conversión de 'double' en 'GLfloat' requiere una conversión de restricción
C:\Users\marve\Desktop\Proyecto Final CG\ProyectoFinal\ProyectoFinal\figuras.cpp(783,25): warning C4838: la conversión de 'double' en 'GLfloat' requiere una conversión de restricción
C:\Users\marve\Desktop\Proyecto Final CG\ProyectoFinal\ProyectoFinal\figuras.cpp(783,40): warning C4838: la conversión de 'double' en 'GLfloat' requiere una conversión de restricción
C:\Users\marve\Desktop\Proyecto Final CG\ProyectoFinal\ProyectoFinal\figuras.cpp(784,11): warning C4838: la conversión de 'double' en 'GLfloat' requiere una conversión de restricción
C:\Users\marve\Desktop\Proyecto Final CG\ProyectoFinal\ProyectoFinal\figuras.cpp(784,25): warning C4838: la conversión de 'double' en 'GLfloat' requiere una conversión de restricción
C:\Users\marve\Desktop\Proyecto Final CG\ProyectoFinal\ProyectoFinal\figuras.cpp(784,41): warning C4838: la conversión de 'double' en 'GLfloat' requiere una conversión de restricción
C:\Users\marve\Desktop\Proyecto Final CG\ProyectoFinal\ProyectoFinal\figuras.cpp(785,10): warning C4838: la conversión de 'double' en 'GLfloat' requiere una conversión de restricción
C:\Users\marve\Desktop\Proyecto Final CG\ProyectoFinal\ProyectoFinal\figuras.cpp(785,24): warning C4838: la conversión de 'double' en 'GLfloat' requiere una conversión de restricción
C:\Users\marve\Desktop\Proyecto Final CG\ProyectoFinal\ProyectoFinal\figuras.cpp(785,40): warning C4838: la conversión de 'double' en 'GLfloat' requiere una conversión de restricción
C:\Users\marve\Desktop\Proyecto Final CG\ProyectoFinal\ProyectoFinal\figuras.cpp(786,10): warning C4838: la conversión de 'double' en 'GLfloat' requiere una conversión de restricción
C:\Users\marve\Desktop\Proyecto Final CG\ProyectoFinal\ProyectoFinal\figuras.cpp(786,23): warning C4838: la conversión de 'double' en 'GLfloat' requiere una conversión de restricción
C:\Users\marve\Desktop\Proyecto Final CG\ProyectoFinal\ProyectoFinal\figuras.cpp(786,38): warning C4838: la conversión de 'double' en 'GLfloat' requiere una conversión de restricción
C:\Users\marve\Desktop\Proyecto Final CG\ProyectoFinal\ProyectoFinal\figuras.cpp(787,10): warning C4838: la conversión de 'double' en 'GLfloat' requiere una conversión de restricción
C:\Users\marve\Desktop\Proyecto Final CG\ProyectoFinal\ProyectoFinal\figuras.cpp(787,23): warning C4838: la conversión de 'double' en 'GLfloat' requiere una conversión de restricción
C:\Users\marve\Desktop\Proyecto Final CG\ProyectoFinal\ProyectoFinal\figuras.cpp(787,39): warning C4838: la conversión de 'double' en 'GLfloat' requiere una conversión de restricción
C:\Users\marve\Desktop\Proyecto Final CG\ProyectoFinal\ProyectoFinal\figuras.cpp(788,11): warning C4838: la conversión de 'double' en 'GLfloat' requiere una conversión de restricción
C:\Users\marve\Desktop\Proyecto Final CG\ProyectoFinal\ProyectoFinal\figuras.cpp(788,24): warning C4838: la conversión de 'double' en 'GLfloat' requiere una conversión de restricción
C:\Users\marve\Desktop\Proyecto Final CG\ProyectoFinal\ProyectoFinal\figuras.cpp(788,40): warning C4838: la conversión de 'double' en 'GLfloat' requiere una conversión de restricción
C:\Users\marve\Desktop\Proyecto Final CG\ProyectoFinal\ProyectoFinal\figuras.cpp(789,11): warning C4838: la conversión de 'double' en 'GLfloat' requiere una conversión de restricción
C:\Users\marve\Desktop\Proyecto Final CG\ProyectoFinal\ProyectoFinal\figuras.cpp(789,24): warning C4838: la conversión de 'double' en 'GLfloat' requiere una conversión de restricción
C:\Users\marve\Desktop\Proyecto Final CG\ProyectoFinal\ProyectoFinal\figuras.cpp(789,39): warning C4838: la conversión de 'double' en 'GLfloat' requiere una conversión de restricción
C:\Users\marve\Desktop\Proyecto Final CG\ProyectoFinal\ProyectoFinal\figuras.cpp(847,9): warning C4838: la conversión de 'double' en 'GLfloat' requiere una conversión de restricción
C:\Users\marve\Desktop\Proyecto Final CG\ProyectoFinal\ProyectoFinal\figuras.cpp(847,23): warning C4838: la conversión de 'double' en 'GLfloat' requiere una conversión de restricción
C:\Users\marve\Desktop\Proyecto Final CG\ProyectoFinal\ProyectoFinal\figuras.cpp(847,37): warning C4838: la conversión de 'double' en 'GLfloat' requiere una conversión de restricción
C:\Users\marve\Desktop\Proyecto Final CG\ProyectoFinal\ProyectoFinal\figuras.cpp(848,10): warning C4838: la conversión de 'double' en 'GLfloat' requiere una conversión de restricción
C:\Users\marve\Desktop\Proyecto Final CG\ProyectoFinal\ProyectoFinal\figuras.cpp(848,24): warning C4838: la conversión de 'double' en 'GLfloat' requiere una conversión de restricción
C:\Users\marve\Desktop\Proyecto Final CG\ProyectoFinal\ProyectoFinal\figuras.cpp(848,39): warning C4838: la conversión de 'double' en 'GLfloat' requiere una conversión de restricción
C:\Users\marve\Desktop\Proyecto Final CG\ProyectoFinal\ProyectoFinal\figuras.cpp(849,10): warning C4838: la conversión de 'double' en 'GLfloat' requiere una conversión de restricción
C:\Users\marve\Desktop\Proyecto Final CG\ProyectoFinal\ProyectoFinal\figuras.cpp(849,24): warning C4838: la conversión de 'double' en 'GLfloat' requiere una conversión de restricción
C:\Users\marve\Desktop\Proyecto Final CG\ProyectoFinal\ProyectoFinal\figuras.cpp(849,40): warning C4838: la conversión de 'double' en 'GLfloat' requiere una conversión de restricción
C:\Users\marve\Desktop\Proyecto Final CG\ProyectoFinal\ProyectoFinal\figuras.cpp(850,9): warning C4838: la conversión de 'double' en 'GLfloat' requiere una conversión de restricción
C:\Users\marve\Desktop\Proyecto Final CG\ProyectoFinal\ProyectoFinal\figuras.cpp(850,23): warning C4838: la conversión de 'double' en 'GLfloat' requiere una conversión de restricción
C:\Users\marve\Desktop\Proyecto Final CG\ProyectoFinal\ProyectoFinal\figuras.cpp(850,39): warning C4838: la conversión de 'double' en 'GLfloat' requiere una conversión de restricción
C:\Users\marve\Desktop\Proyecto Final CG\ProyectoFinal\ProyectoFinal\figuras.cpp(851,9): warning C4838: la conversión de 'double' en 'GLfloat' requiere una conversión de restricción
C:\Users\marve\Desktop\Proyecto Final CG\ProyectoFinal\ProyectoFinal\figuras.cpp(851,22): warning C4838: la conversión de 'double' en 'GLfloat' requiere una conversión de restricción
C:\Users\marve\Desktop\Proyecto Final CG\ProyectoFinal\ProyectoFinal\figuras.cpp(851,37): warning C4838: la conversión de 'double' en 'GLfloat' requiere una conversión de restricción
C:\Users\marve\Desktop\Proyecto Final CG\ProyectoFinal\ProyectoFinal\figuras.cpp(852,9): warning C4838: la conversión de 'double' en 'GLfloat' requiere una conversión de restricción
C:\Users\marve\Desktop\Proyecto Final CG\ProyectoFinal\ProyectoFinal\figuras.cpp(852,22): warning C4838: la conversión de 'double' en 'GLfloat' requiere una conversión de restricción
C:\Users\marve\Desktop\Proyecto Final CG\ProyectoFinal\ProyectoFinal\figuras.cpp(852,38): warning C4838: la conversión de 'double' en 'GLfloat' requiere una conversión de restricción
C:\Users\marve\Desktop\Proyecto Final CG\ProyectoFinal\ProyectoFinal\figuras.cpp(853,10): warning C4838: la conversión de 'double' en 'GLfloat' requiere una conversión de restricción
C:\Users\marve\Desktop\Proyecto Final CG\ProyectoFinal\ProyectoFinal\figuras.cpp(853,23): warning C4838: la conversión de 'double' en 'GLfloat' requiere una conversión de restricción
C:\Users\marve\Desktop\Proyecto Final CG\ProyectoFinal\ProyectoFinal\figuras.cpp(853,39): warning C4838: la conversión de 'double' en 'GLfloat' requiere una conversión de restricción
C:\Users\marve\Desktop\Proyecto Final CG\ProyectoFinal\ProyectoFinal\figuras.cpp(854,10): warning C4838: la conversión de 'double' en 'GLfloat' requiere una conversión de restricción
C:\Users\marve\Desktop\Proyecto Final CG\ProyectoFinal\ProyectoFinal\figuras.cpp(854,23): warning C4838: la conversión de 'double' en 'GLfloat' requiere una conversión de restricción
C:\Users\marve\Desktop\Proyecto Final CG\ProyectoFinal\ProyectoFinal\figuras.cpp(854,38): warning C4838: la conversión de 'double' en 'GLfloat' requiere una conversión de restricción
C:\Users\marve\Desktop\Proyecto Final CG\ProyectoFinal\ProyectoFinal\figuras.cpp(913,10): warning C4838: la conversión de 'double' en 'GLfloat' requiere una conversión de restricción
C:\Users\marve\Desktop\Proyecto Final CG\ProyectoFinal\ProyectoFinal\figuras.cpp(913,24): warning C4838: la conversión de 'double' en 'GLfloat' requiere una conversión de restricción
C:\Users\marve\Desktop\Proyecto Final CG\ProyectoFinal\ProyectoFinal\figuras.cpp(913,38): warning C4838: la conversión de 'double' en 'GLfloat' requiere una conversión de restricción
C:\Users\marve\Desktop\Proyecto Final CG\ProyectoFinal\ProyectoFinal\figuras.cpp(914,11): warning C4838: la conversión de 'double' en 'GLfloat' requiere una conversión de restricción
C:\Users\marve\Desktop\Proyecto Final CG\ProyectoFinal\ProyectoFinal\figuras.cpp(914,25): warning C4838: la conversión de 'double' en 'GLfloat' requiere una conversión de restricción
C:\Users\marve\Desktop\Proyecto Final CG\ProyectoFinal\ProyectoFinal\figuras.cpp(914,40): warning C4838: la conversión de 'double' en 'GLfloat' requiere una conversión de restricción
C:\Users\marve\Desktop\Proyecto Final CG\ProyectoFinal\ProyectoFinal\figuras.cpp(915,11): warning C4838: la conversión de 'double' en 'GLfloat' requiere una conversión de restricción
C:\Users\marve\Desktop\Proyecto Final CG\ProyectoFinal\ProyectoFinal\figuras.cpp(915,25): warning C4838: la conversión de 'double' en 'GLfloat' requiere una conversión de restricción
C:\Users\marve\Desktop\Proyecto Final CG\ProyectoFinal\ProyectoFinal\figuras.cpp(915,41): warning C4838: la conversión de 'double' en 'GLfloat' requiere una conversión de restricción
C:\Users\marve\Desktop\Proyecto Final CG\ProyectoFinal\ProyectoFinal\figuras.cpp(916,10): warning C4838: la conversión de 'double' en 'GLfloat' requiere una conversión de restricción
C:\Users\marve\Desktop\Proyecto Final CG\ProyectoFinal\ProyectoFinal\figuras.cpp(916,24): warning C4838: la conversión de 'double' en 'GLfloat' requiere una conversión de restricción
C:\Users\marve\Desktop\Proyecto Final CG\ProyectoFinal\ProyectoFinal\figuras.cpp(916,40): warning C4838: la conversión de 'double' en 'GLfloat' requiere una conversión de restricción
C:\Users\marve\Desktop\Proyecto Final CG\ProyectoFinal\ProyectoFinal\figuras.cpp(917,10): warning C4838: la conversión de 'double' en 'GLfloat' requiere una conversión de restricción
C:\Users\marve\Desktop\Proyecto Final CG\ProyectoFinal\ProyectoFinal\figuras.cpp(917,23): warning C4838: la conversión de 'double' en 'GLfloat' requiere una conversión de restricción
C:\Users\marve\Desktop\Proyecto Final CG\ProyectoFinal\ProyectoFinal\figuras.cpp(917,38): warning C4838: la conversión de 'double' en 'GLfloat' requiere una conversión de restricción
C:\Users\marve\Desktop\Proyecto Final CG\ProyectoFinal\ProyectoFinal\figuras.cpp(918,10): warning C4838: la conversión de 'double' en 'GLfloat' requiere una conversión de restricción
C:\Users\marve\Desktop\Proyecto Final CG\ProyectoFinal\ProyectoFinal\figuras.cpp(918,23): warning C4838: la conversión de 'double' en 'GLfloat' requiere una conversión de restricción
C:\Users\marve\Desktop\Proyecto Final CG\ProyectoFinal\ProyectoFinal\figuras.cpp(918,39): warning C4838: la conversión de 'double' en 'GLfloat' requiere una conversión de restricción
C:\Users\marve\Desktop\Proyecto Final CG\ProyectoFinal\ProyectoFinal\figuras.cpp(919,11): warning C4838: la conversión de 'double' en 'GLfloat' requiere una conversión de restricción
C:\Users\marve\Desktop\Proyecto Final CG\ProyectoFinal\ProyectoFinal\figuras.cpp(919,24): warning C4838: la conversión de 'double' en 'GLfloat' requiere una conversión de restricción
C:\Users\marve\Desktop\Proyecto Final CG\ProyectoFinal\ProyectoFinal\figuras.cpp(919,40): warning C4838: la conversión de 'double' en 'GLfloat' requiere una conversión de restricción
C:\Users\marve\Desktop\Proyecto Final CG\ProyectoFinal\ProyectoFinal\figuras.cpp(920,11): warning C4838: la conversión de 'double' en 'GLfloat' requiere una conversión de restricción
C:\Users\marve\Desktop\Proyecto Final CG\ProyectoFinal\ProyectoFinal\figuras.cpp(920,24): warning C4838: la conversión de 'double' en 'GLfloat' requiere una conversión de restricción
C:\Users\marve\Desktop\Proyecto Final CG\ProyectoFinal\ProyectoFinal\figuras.cpp(920,39): warning C4838: la conversión de 'double' en 'GLfloat' requiere una conversión de restricción
C:\Users\marve\Desktop\Proyecto Final CG\ProyectoFinal\ProyectoFinal\figuras.cpp(977,10): warning C4838: la conversión de 'double' en 'GLfloat' requiere una conversión de restricción
C:\Users\marve\Desktop\Proyecto Final CG\ProyectoFinal\ProyectoFinal\figuras.cpp(977,24): warning C4838: la conversión de 'double' en 'GLfloat' requiere una conversión de restricción
C:\Users\marve\Desktop\Proyecto Final CG\ProyectoFinal\ProyectoFinal\figuras.cpp(977,38): warning C4838: la conversión de 'double' en 'GLfloat' requiere una conversión de restricción
C:\Users\marve\Desktop\Proyecto Final CG\ProyectoFinal\ProyectoFinal\figuras.cpp(978,11): warning C4838: la conversión de 'double' en 'GLfloat' requiere una conversión de restricción
C:\Users\marve\Desktop\Proyecto Final CG\ProyectoFinal\ProyectoFinal\figuras.cpp(978,25): warning C4838: la conversión de 'double' en 'GLfloat' requiere una conversión de restricción
C:\Users\marve\Desktop\Proyecto Final CG\ProyectoFinal\ProyectoFinal\figuras.cpp(978,40): warning C4838: la conversión de 'double' en 'GLfloat' requiere una conversión de restricción
C:\Users\marve\Desktop\Proyecto Final CG\ProyectoFinal\ProyectoFinal\figuras.cpp(979,11): warning C4838: la conversión de 'double' en 'GLfloat' requiere una conversión de restricción
C:\Users\marve\Desktop\Proyecto Final CG\ProyectoFinal\ProyectoFinal\figuras.cpp(979,25): warning C4838: la conversión de 'double' en 'GLfloat' requiere una conversión de restricción
C:\Users\marve\Desktop\Proyecto Final CG\ProyectoFinal\ProyectoFinal\figuras.cpp(979,41): warning C4838: la conversión de 'double' en 'GLfloat' requiere una conversión de restricción
C:\Users\marve\Desktop\Proyecto Final CG\ProyectoFinal\ProyectoFinal\figuras.cpp(980,10): warning C4838: la conversión de 'double' en 'GLfloat' requiere una conversión de restricción
C:\Users\marve\Desktop\Proyecto Final CG\ProyectoFinal\ProyectoFinal\figuras.cpp(980,24): warning C4838: la conversión de 'double' en 'GLfloat' requiere una conversión de restricción
C:\Users\marve\Desktop\Proyecto Final CG\ProyectoFinal\ProyectoFinal\figuras.cpp(980,40): warning C4838: la conversión de 'double' en 'GLfloat' requiere una conversión de restricción
C:\Users\marve\Desktop\Proyecto Final CG\ProyectoFinal\ProyectoFinal\figuras.cpp(981,10): warning C4838: la conversión de 'double' en 'GLfloat' requiere una conversión de restricción
C:\Users\marve\Desktop\Proyecto Final CG\ProyectoFinal\ProyectoFinal\figuras.cpp(981,23): warning C4838: la conversión de 'double' en 'GLfloat' requiere una conversión de restricción
C:\Users\marve\Desktop\Proyecto Final CG\ProyectoFinal\ProyectoFinal\figuras.cpp(981,38): warning C4838: la conversión de 'double' en 'GLfloat' requiere una conversión de restricción
C:\Users\marve\Desktop\Proyecto Final CG\ProyectoFinal\ProyectoFinal\figuras.cpp(982,10): warning C4838: la conversión de 'double' en 'GLfloat' requiere una conversión de restricción
C:\Users\marve\Desktop\Proyecto Final CG\ProyectoFinal\ProyectoFinal\figuras.cpp(982,23): warning C4838: la conversión de 'double' en 'GLfloat' requiere una conversión de restricción
C:\Users\marve\Desktop\Proyecto Final CG\ProyectoFinal\ProyectoFinal\figuras.cpp(982,39): warning C4838: la conversión de 'double' en 'GLfloat' requiere una conversión de restricción
C:\Users\marve\Desktop\Proyecto Final CG\ProyectoFinal\ProyectoFinal\figuras.cpp(983,11): warning C4838: la conversión de 'double' en 'GLfloat' requiere una conversión de restricción
C:\Users\marve\Desktop\Proyecto Final CG\ProyectoFinal\ProyectoFinal\figuras.cpp(983,24): warning C4838: la conversión de 'double' en 'GLfloat' requiere una conversión de restricción
C:\Users\marve\Desktop\Proyecto Final CG\ProyectoFinal\ProyectoFinal\figuras.cpp(983,40): warning C4838: la conversión de 'double' en 'GLfloat' requiere una conversión de restricción
C:\Users\marve\Desktop\Proyecto Final CG\ProyectoFinal\ProyectoFinal\figuras.cpp(984,11): warning C4838: la conversión de 'double' en 'GLfloat' requiere una conversión de restricción
C:\Users\marve\Desktop\Proyecto Final CG\ProyectoFinal\ProyectoFinal\figuras.cpp(984,24): warning C4838: la conversión de 'double' en 'GLfloat' requiere una conversión de restricción
C:\Users\marve\Desktop\Proyecto Final CG\ProyectoFinal\ProyectoFinal\figuras.cpp(984,39): warning C4838: la conversión de 'double' en 'GLfloat' requiere una conversión de restricción
C:\Users\marve\Desktop\Proyecto Final CG\ProyectoFinal\ProyectoFinal\figuras.cpp(1040,9): warning C4838: la conversión de 'double' en 'GLfloat' requiere una conversión de restricción
C:\Users\marve\Desktop\Proyecto Final CG\ProyectoFinal\ProyectoFinal\figuras.cpp(1040,23): warning C4838: la conversión de 'double' en 'GLfloat' requiere una conversión de restricción
C:\Users\marve\Desktop\Proyecto Final CG\ProyectoFinal\ProyectoFinal\figuras.cpp(1040,37): warning C4838: la conversión de 'double' en 'GLfloat' requiere una conversión de restricción
C:\Users\marve\Desktop\Proyecto Final CG\ProyectoFinal\ProyectoFinal\figuras.cpp(1041,10): warning C4838: la conversión de 'double' en 'GLfloat' requiere una conversión de restricción
C:\Users\marve\Desktop\Proyecto Final CG\ProyectoFinal\ProyectoFinal\figuras.cpp(1041,24): warning C4838: la conversión de 'double' en 'GLfloat' requiere una conversión de restricción
C:\Users\marve\Desktop\Proyecto Final CG\ProyectoFinal\ProyectoFinal\figuras.cpp(1041,39): warning C4838: la conversión de 'double' en 'GLfloat' requiere una conversión de restricción
C:\Users\marve\Desktop\Proyecto Final CG\ProyectoFinal\ProyectoFinal\figuras.cpp(1042,10): warning C4838: la conversión de 'double' en 'GLfloat' requiere una conversión de restricción
C:\Users\marve\Desktop\Proyecto Final CG\ProyectoFinal\ProyectoFinal\figuras.cpp(1042,24): warning C4838: la conversión de 'double' en 'GLfloat' requiere una conversión de restricción
C:\Users\marve\Desktop\Proyecto Final CG\ProyectoFinal\ProyectoFinal\figuras.cpp(1042,40): warning C4838: la conversión de 'double' en 'GLfloat' requiere una conversión de restricción
C:\Users\marve\Desktop\Proyecto Final CG\ProyectoFinal\ProyectoFinal\figuras.cpp(1043,9): warning C4838: la conversión de 'double' en 'GLfloat' requiere una conversión de restricción
C:\Users\marve\Desktop\Proyecto Final CG\ProyectoFinal\ProyectoFinal\figuras.cpp(1043,23): warning C4838: la conversión de 'double' en 'GLfloat' requiere una conversión de restricción
C:\Users\marve\Desktop\Proyecto Final CG\ProyectoFinal\ProyectoFinal\figuras.cpp(1043,39): warning C4838: la conversión de 'double' en 'GLfloat' requiere una conversión de restricción
C:\Users\marve\Desktop\Proyecto Final CG\ProyectoFinal\ProyectoFinal\figuras.cpp(1044,9): warning C4838: la conversión de 'double' en 'GLfloat' requiere una conversión de restricción
C:\Users\marve\Desktop\Proyecto Final CG\ProyectoFinal\ProyectoFinal\figuras.cpp(1044,22): warning C4838: la conversión de 'double' en 'GLfloat' requiere una conversión de restricción
C:\Users\marve\Desktop\Proyecto Final CG\ProyectoFinal\ProyectoFinal\figuras.cpp(1044,37): warning C4838: la conversión de 'double' en 'GLfloat' requiere una conversión de restricción
C:\Users\marve\Desktop\Proyecto Final CG\ProyectoFinal\ProyectoFinal\figuras.cpp(1045,9): warning C4838: la conversión de 'double' en 'GLfloat' requiere una conversión de restricción
C:\Users\marve\Desktop\Proyecto Final CG\ProyectoFinal\ProyectoFinal\figuras.cpp(1045,22): warning C4838: la conversión de 'double' en 'GLfloat' requiere una conversión de restricción
C:\Users\marve\Desktop\Proyecto Final CG\ProyectoFinal\ProyectoFinal\figuras.cpp(1045,38): warning C4838: la conversión de 'double' en 'GLfloat' requiere una conversión de restricción
C:\Users\marve\Desktop\Proyecto Final CG\ProyectoFinal\ProyectoFinal\figuras.cpp(1046,10): warning C4838: la conversión de 'double' en 'GLfloat' requiere una conversión de restricción
C:\Users\marve\Desktop\Proyecto Final CG\ProyectoFinal\ProyectoFinal\figuras.cpp(1046,23): warning C4838: la conversión de 'double' en 'GLfloat' requiere una conversión de restricción
C:\Users\marve\Desktop\Proyecto Final CG\ProyectoFinal\ProyectoFinal\figuras.cpp(1046,39): warning C4838: la conversión de 'double' en 'GLfloat' requiere una conversión de restricción
C:\Users\marve\Desktop\Proyecto Final CG\ProyectoFinal\ProyectoFinal\figuras.cpp(1047,10): warning C4838: la conversión de 'double' en 'GLfloat' requiere una conversión de restricción
C:\Users\marve\Desktop\Proyecto Final CG\ProyectoFinal\ProyectoFinal\figuras.cpp(1047,23): warning C4838: la conversión de 'double' en 'GLfloat' requiere una conversión de restricción
C:\Users\marve\Desktop\Proyecto Final CG\ProyectoFinal\ProyectoFinal\figuras.cpp(1047,38): warning C4838: la conversión de 'double' en 'GLfloat' requiere una conversión de restricción
C:\Users\marve\Desktop\Proyecto Final CG\ProyectoFinal\ProyectoFinal\figuras.cpp(1048,10): warning C4838: la conversión de 'double' en 'GLfloat' requiere una conversión de restricción
C:\Users\marve\Desktop\Proyecto Final CG\ProyectoFinal\ProyectoFinal\figuras.cpp(1048,25): warning C4838: la conversión de 'double' en 'GLfloat' requiere una conversión de restricción
C:\Users\marve\Desktop\Proyecto Final CG\ProyectoFinal\ProyectoFinal\figuras.cpp(1048,41): warning C4838: la conversión de 'double' en 'GLfloat' requiere una conversión de restricción
C:\Users\marve\Desktop\Proyecto Final CG\ProyectoFinal\ProyectoFinal\figuras.cpp(1049,9): warning C4838: la conversión de 'double' en 'GLfloat' requiere una conversión de restricción
C:\Users\marve\Desktop\Proyecto Final CG\ProyectoFinal\ProyectoFinal\figuras.cpp(1049,24): warning C4838: la conversión de 'double' en 'GLfloat' requiere una conversión de restricción
C:\Users\marve\Desktop\Proyecto Final CG\ProyectoFinal\ProyectoFinal\figuras.cpp(1049,40): warning C4838: la conversión de 'double' en 'GLfloat' requiere una conversión de restricción
C:\Users\marve\Desktop\Proyecto Final CG\ProyectoFinal\ProyectoFinal\figuras.cpp(1050,9): warning C4838: la conversión de 'double' en 'GLfloat' requiere una conversión de restricción
C:\Users\marve\Desktop\Proyecto Final CG\ProyectoFinal\ProyectoFinal\figuras.cpp(1050,24): warning C4838: la conversión de 'double' en 'GLfloat' requiere una conversión de restricción
C:\Users\marve\Desktop\Proyecto Final CG\ProyectoFinal\ProyectoFinal\figuras.cpp(1050,42): warning C4838: la conversión de 'double' en 'GLfloat' requiere una conversión de restricción
C:\Users\marve\Desktop\Proyecto Final CG\ProyectoFinal\ProyectoFinal\figuras.cpp(1051,10): warning C4838: la conversión de 'double' en 'GLfloat' requiere una conversión de restricción
C:\Users\marve\Desktop\Proyecto Final CG\ProyectoFinal\ProyectoFinal\figuras.cpp(1051,25): warning C4838: la conversión de 'double' en 'GLfloat' requiere una conversión de restricción
C:\Users\marve\Desktop\Proyecto Final CG\ProyectoFinal\ProyectoFinal\figuras.cpp(1051,43): warning C4838: la conversión de 'double' en 'GLfloat' requiere una conversión de restricción
C:\Users\marve\Desktop\Proyecto Final CG\ProyectoFinal\ProyectoFinal\figuras.cpp(1052,10): warning C4838: la conversión de 'double' en 'GLfloat' requiere una conversión de restricción
C:\Users\marve\Desktop\Proyecto Final CG\ProyectoFinal\ProyectoFinal\figuras.cpp(1052,23): warning C4838: la conversión de 'double' en 'GLfloat' requiere una conversión de restricción
C:\Users\marve\Desktop\Proyecto Final CG\ProyectoFinal\ProyectoFinal\figuras.cpp(1052,41): warning C4838: la conversión de 'double' en 'GLfloat' requiere una conversión de restricción
C:\Users\marve\Desktop\Proyecto Final CG\ProyectoFinal\ProyectoFinal\figuras.cpp(1053,9): warning C4838: la conversión de 'double' en 'GLfloat' requiere una conversión de restricción
C:\Users\marve\Desktop\Proyecto Final CG\ProyectoFinal\ProyectoFinal\figuras.cpp(1053,22): warning C4838: la conversión de 'double' en 'GLfloat' requiere una conversión de restricción
C:\Users\marve\Desktop\Proyecto Final CG\ProyectoFinal\ProyectoFinal\figuras.cpp(1053,40): warning C4838: la conversión de 'double' en 'GLfloat' requiere una conversión de restricción
C:\Users\marve\Desktop\Proyecto Final CG\ProyectoFinal\ProyectoFinal\figuras.cpp(1142,10): warning C4838: la conversión de 'double' en 'GLfloat' requiere una conversión de restricción
C:\Users\marve\Desktop\Proyecto Final CG\ProyectoFinal\ProyectoFinal\figuras.cpp(1142,24): warning C4838: la conversión de 'double' en 'GLfloat' requiere una conversión de restricción
C:\Users\marve\Desktop\Proyecto Final CG\ProyectoFinal\ProyectoFinal\figuras.cpp(1142,38): warning C4838: la conversión de 'double' en 'GLfloat' requiere una conversión de restricción
C:\Users\marve\Desktop\Proyecto Final CG\ProyectoFinal\ProyectoFinal\figuras.cpp(1143,11): warning C4838: la conversión de 'double' en 'GLfloat' requiere una conversión de restricción
C:\Users\marve\Desktop\Proyecto Final CG\ProyectoFinal\ProyectoFinal\figuras.cpp(1143,25): warning C4838: la conversión de 'double' en 'GLfloat' requiere una conversión de restricción
C:\Users\marve\Desktop\Proyecto Final CG\ProyectoFinal\ProyectoFinal\figuras.cpp(1143,40): warning C4838: la conversión de 'double' en 'GLfloat' requiere una conversión de restricción
C:\Users\marve\Desktop\Proyecto Final CG\ProyectoFinal\ProyectoFinal\figuras.cpp(1144,11): warning C4838: la conversión de 'double' en 'GLfloat' requiere una conversión de restricción
C:\Users\marve\Desktop\Proyecto Final CG\ProyectoFinal\ProyectoFinal\figuras.cpp(1144,25): warning C4838: la conversión de 'double' en 'GLfloat' requiere una conversión de restricción
C:\Users\marve\Desktop\Proyecto Final CG\ProyectoFinal\ProyectoFinal\figuras.cpp(1144,41): warning C4838: la conversión de 'double' en 'GLfloat' requiere una conversión de restricción
C:\Users\marve\Desktop\Proyecto Final CG\ProyectoFinal\ProyectoFinal\figuras.cpp(1145,10): warning C4838: la conversión de 'double' en 'GLfloat' requiere una conversión de restricción
C:\Users\marve\Desktop\Proyecto Final CG\ProyectoFinal\ProyectoFinal\figuras.cpp(1145,24): warning C4838: la conversión de 'double' en 'GLfloat' requiere una conversión de restricción
C:\Users\marve\Desktop\Proyecto Final CG\ProyectoFinal\ProyectoFinal\figuras.cpp(1145,40): warning C4838: la conversión de 'double' en 'GLfloat' requiere una conversión de restricción
C:\Users\marve\Desktop\Proyecto Final CG\ProyectoFinal\ProyectoFinal\figuras.cpp(1146,10): warning C4838: la conversión de 'double' en 'GLfloat' requiere una conversión de restricción
C:\Users\marve\Desktop\Proyecto Final CG\ProyectoFinal\ProyectoFinal\figuras.cpp(1146,23): warning C4838: la conversión de 'double' en 'GLfloat' requiere una conversión de restricción
C:\Users\marve\Desktop\Proyecto Final CG\ProyectoFinal\ProyectoFinal\figuras.cpp(1146,38): warning C4838: la conversión de 'double' en 'GLfloat' requiere una conversión de restricción
C:\Users\marve\Desktop\Proyecto Final CG\ProyectoFinal\ProyectoFinal\figuras.cpp(1147,10): warning C4838: la conversión de 'double' en 'GLfloat' requiere una conversión de restricción
C:\Users\marve\Desktop\Proyecto Final CG\ProyectoFinal\ProyectoFinal\figuras.cpp(1147,23): warning C4838: la conversión de 'double' en 'GLfloat' requiere una conversión de restricción
C:\Users\marve\Desktop\Proyecto Final CG\ProyectoFinal\ProyectoFinal\figuras.cpp(1147,39): warning C4838: la conversión de 'double' en 'GLfloat' requiere una conversión de restricción
C:\Users\marve\Desktop\Proyecto Final CG\ProyectoFinal\ProyectoFinal\figuras.cpp(1148,11): warning C4838: la conversión de 'double' en 'GLfloat' requiere una conversión de restricción
C:\Users\marve\Desktop\Proyecto Final CG\ProyectoFinal\ProyectoFinal\figuras.cpp(1148,24): warning C4838: la conversión de 'double' en 'GLfloat' requiere una conversión de restricción
C:\Users\marve\Desktop\Proyecto Final CG\ProyectoFinal\ProyectoFinal\figuras.cpp(1148,40): warning C4838: la conversión de 'double' en 'GLfloat' requiere una conversión de restricción
C:\Users\marve\Desktop\Proyecto Final CG\ProyectoFinal\ProyectoFinal\figuras.cpp(1149,11): warning C4838: la conversión de 'double' en 'GLfloat' requiere una conversión de restricción
C:\Users\marve\Desktop\Proyecto Final CG\ProyectoFinal\ProyectoFinal\figuras.cpp(1149,24): warning C4838: la conversión de 'double' en 'GLfloat' requiere una conversión de restricción
C:\Users\marve\Desktop\Proyecto Final CG\ProyectoFinal\ProyectoFinal\figuras.cpp(1149,39): warning C4838: la conversión de 'double' en 'GLfloat' requiere una conversión de restricción
C:\Users\marve\Desktop\Proyecto Final CG\ProyectoFinal\ProyectoFinal\figuras.cpp(1150,11): warning C4838: la conversión de 'double' en 'GLfloat' requiere una conversión de restricción
C:\Users\marve\Desktop\Proyecto Final CG\ProyectoFinal\ProyectoFinal\figuras.cpp(1150,25): warning C4838: la conversión de 'double' en 'GLfloat' requiere una conversión de restricción
C:\Users\marve\Desktop\Proyecto Final CG\ProyectoFinal\ProyectoFinal\figuras.cpp(1150,41): warning C4838: la conversión de 'double' en 'GLfloat' requiere una conversión de restricción
C:\Users\marve\Desktop\Proyecto Final CG\ProyectoFinal\ProyectoFinal\figuras.cpp(1151,10): warning C4838: la conversión de 'double' en 'GLfloat' requiere una conversión de restricción
C:\Users\marve\Desktop\Proyecto Final CG\ProyectoFinal\ProyectoFinal\figuras.cpp(1151,24): warning C4838: la conversión de 'double' en 'GLfloat' requiere una conversión de restricción
C:\Users\marve\Desktop\Proyecto Final CG\ProyectoFinal\ProyectoFinal\figuras.cpp(1151,40): warning C4838: la conversión de 'double' en 'GLfloat' requiere una conversión de restricción
C:\Users\marve\Desktop\Proyecto Final CG\ProyectoFinal\ProyectoFinal\figuras.cpp(1152,10): warning C4838: la conversión de 'double' en 'GLfloat' requiere una conversión de restricción
C:\Users\marve\Desktop\Proyecto Final CG\ProyectoFinal\ProyectoFinal\figuras.cpp(1152,24): warning C4838: la conversión de 'double' en 'GLfloat' requiere una conversión de restricción
C:\Users\marve\Desktop\Proyecto Final CG\ProyectoFinal\ProyectoFinal\figuras.cpp(1152,42): warning C4838: la conversión de 'double' en 'GLfloat' requiere una conversión de restricción
C:\Users\marve\Desktop\Proyecto Final CG\ProyectoFinal\ProyectoFinal\figuras.cpp(1153,11): warning C4838: la conversión de 'double' en 'GLfloat' requiere una conversión de restricción
C:\Users\marve\Desktop\Proyecto Final CG\ProyectoFinal\ProyectoFinal\figuras.cpp(1153,25): warning C4838: la conversión de 'double' en 'GLfloat' requiere una conversión de restricción
C:\Users\marve\Desktop\Proyecto Final CG\ProyectoFinal\ProyectoFinal\figuras.cpp(1153,43): warning C4838: la conversión de 'double' en 'GLfloat' requiere una conversión de restricción
C:\Users\marve\Desktop\Proyecto Final CG\ProyectoFinal\ProyectoFinal\figuras.cpp(1154,11): warning C4838: la conversión de 'double' en 'GLfloat' requiere una conversión de restricción
C:\Users\marve\Desktop\Proyecto Final CG\ProyectoFinal\ProyectoFinal\figuras.cpp(1154,24): warning C4838: la conversión de 'double' en 'GLfloat' requiere una conversión de restricción
C:\Users\marve\Desktop\Proyecto Final CG\ProyectoFinal\ProyectoFinal\figuras.cpp(1154,42): warning C4838: la conversión de 'double' en 'GLfloat' requiere una conversión de restricción
C:\Users\marve\Desktop\Proyecto Final CG\ProyectoFinal\ProyectoFinal\figuras.cpp(1155,10): warning C4838: la conversión de 'double' en 'GLfloat' requiere una conversión de restricción
C:\Users\marve\Desktop\Proyecto Final CG\ProyectoFinal\ProyectoFinal\figuras.cpp(1155,23): warning C4838: la conversión de 'double' en 'GLfloat' requiere una conversión de restricción
C:\Users\marve\Desktop\Proyecto Final CG\ProyectoFinal\ProyectoFinal\figuras.cpp(1155,41): warning C4838: la conversión de 'double' en 'GLfloat' requiere una conversión de restricción
C:\Users\marve\Desktop\Proyecto Final CG\ProyectoFinal\ProyectoFinal\figuras.cpp(1252,10): warning C4838: la conversión de 'double' en 'GLfloat' requiere una conversión de restricción
C:\Users\marve\Desktop\Proyecto Final CG\ProyectoFinal\ProyectoFinal\figuras.cpp(1252,24): warning C4838: la conversión de 'double' en 'GLfloat' requiere una conversión de restricción
C:\Users\marve\Desktop\Proyecto Final CG\ProyectoFinal\ProyectoFinal\figuras.cpp(1252,38): warning C4838: la conversión de 'double' en 'GLfloat' requiere una conversión de restricción
C:\Users\marve\Desktop\Proyecto Final CG\ProyectoFinal\ProyectoFinal\figuras.cpp(1253,11): warning C4838: la conversión de 'double' en 'GLfloat' requiere una conversión de restricción
C:\Users\marve\Desktop\Proyecto Final CG\ProyectoFinal\ProyectoFinal\figuras.cpp(1253,25): warning C4838: la conversión de 'double' en 'GLfloat' requiere una conversión de restricción
C:\Users\marve\Desktop\Proyecto Final CG\ProyectoFinal\ProyectoFinal\figuras.cpp(1253,40): warning C4838: la conversión de 'double' en 'GLfloat' requiere una conversión de restricción
C:\Users\marve\Desktop\Proyecto Final CG\ProyectoFinal\ProyectoFinal\figuras.cpp(1254,11): warning C4838: la conversión de 'double' en 'GLfloat' requiere una conversión de restricción
C:\Users\marve\Desktop\Proyecto Final CG\ProyectoFinal\ProyectoFinal\figuras.cpp(1254,25): warning C4838: la conversión de 'double' en 'GLfloat' requiere una conversión de restricción
C:\Users\marve\Desktop\Proyecto Final CG\ProyectoFinal\ProyectoFinal\figuras.cpp(1254,41): warning C4838: la conversión de 'double' en 'GLfloat' requiere una conversión de restricción
C:\Users\marve\Desktop\Proyecto Final CG\ProyectoFinal\ProyectoFinal\figuras.cpp(1255,10): warning C4838: la conversión de 'double' en 'GLfloat' requiere una conversión de restricción
C:\Users\marve\Desktop\Proyecto Final CG\ProyectoFinal\ProyectoFinal\figuras.cpp(1255,24): warning C4838: la conversión de 'double' en 'GLfloat' requiere una conversión de restricción
C:\Users\marve\Desktop\Proyecto Final CG\ProyectoFinal\ProyectoFinal\figuras.cpp(1255,40): warning C4838: la conversión de 'double' en 'GLfloat' requiere una conversión de restricción
C:\Users\marve\Desktop\Proyecto Final CG\ProyectoFinal\ProyectoFinal\figuras.cpp(1256,10): warning C4838: la conversión de 'double' en 'GLfloat' requiere una conversión de restricción
C:\Users\marve\Desktop\Proyecto Final CG\ProyectoFinal\ProyectoFinal\figuras.cpp(1256,23): warning C4838: la conversión de 'double' en 'GLfloat' requiere una conversión de restricción
C:\Users\marve\Desktop\Proyecto Final CG\ProyectoFinal\ProyectoFinal\figuras.cpp(1256,38): warning C4838: la conversión de 'double' en 'GLfloat' requiere una conversión de restricción
C:\Users\marve\Desktop\Proyecto Final CG\ProyectoFinal\ProyectoFinal\figuras.cpp(1257,10): warning C4838: la conversión de 'double' en 'GLfloat' requiere una conversión de restricción
C:\Users\marve\Desktop\Proyecto Final CG\ProyectoFinal\ProyectoFinal\figuras.cpp(1257,23): warning C4838: la conversión de 'double' en 'GLfloat' requiere una conversión de restricción
C:\Users\marve\Desktop\Proyecto Final CG\ProyectoFinal\ProyectoFinal\figuras.cpp(1257,39): warning C4838: la conversión de 'double' en 'GLfloat' requiere una conversión de restricción
C:\Users\marve\Desktop\Proyecto Final CG\ProyectoFinal\ProyectoFinal\figuras.cpp(1258,11): warning C4838: la conversión de 'double' en 'GLfloat' requiere una conversión de restricción
C:\Users\marve\Desktop\Proyecto Final CG\ProyectoFinal\ProyectoFinal\figuras.cpp(1258,24): warning C4838: la conversión de 'double' en 'GLfloat' requiere una conversión de restricción
C:\Users\marve\Desktop\Proyecto Final CG\ProyectoFinal\ProyectoFinal\figuras.cpp(1258,40): warning C4838: la conversión de 'double' en 'GLfloat' requiere una conversión de restricción
C:\Users\marve\Desktop\Proyecto Final CG\ProyectoFinal\ProyectoFinal\figuras.cpp(1259,11): warning C4838: la conversión de 'double' en 'GLfloat' requiere una conversión de restricción
C:\Users\marve\Desktop\Proyecto Final CG\ProyectoFinal\ProyectoFinal\figuras.cpp(1259,24): warning C4838: la conversión de 'double' en 'GLfloat' requiere una conversión de restricción
  texture.cpp
  Generando código...
C:\Users\marve\Desktop\Proyecto Final CG\ProyectoFinal\ProyectoFinal\figuras.cpp(1259,39): warning C4838: la conversión de 'double' en 'GLfloat' requiere una conversión de restricción
  ProyectoFinal.vcxproj -> C:\Users\marve\Desktop\Proyecto Final CG\ProyectoFinal\Debug\ProyectoFinal.exe
